#
# There is insufficient memory for the Java Runtime Environment to continue.
# Native memory allocation (malloc) failed to allocate 74720 bytes for Chunk::new
# Possible reasons:
#   The system is out of physical RAM or swap space
#   The process is running with CompressedOops enabled, and the Java Heap may be blocking the growth of the native heap
# Possible solutions:
#   Reduce memory load on the system
#   Increase physical memory or swap space
#   Check if swap backing store is full
#   Decrease Java heap size (-Xmx/-Xms)
#   Decrease number of Java threads
#   Decrease Java thread stack sizes (-Xss)
#   Set larger code cache with -XX:ReservedCodeCacheSize=
#   JVM is running with Unscaled Compressed Oops mode in which the Java heap is
#     placed in the first 4GB address space. The Java Heap base address is the
#     maximum limit for the native heap growth. Please use -XX:HeapBaseMinAddress
#     to set the Java Heap base and to place the Java Heap above 4GB virtual address.
# This output file may be truncated or incomplete.
#
#  Out of Memory Error (allocation.cpp:390), pid=15440, tid=0x0000000000003ca4
#
# JRE version: Java(TM) SE Runtime Environment (8.0_201-b09) (build 1.8.0_201-b09)
# Java VM: Java HotSpot(TM) 64-Bit Server VM (25.201-b09 mixed mode windows-amd64 compressed oops)
# Failed to write core dump. Minidumps are not enabled by default on client versions of Windows
#

---------------  T H R E A D  ---------------

Current thread (0x0000000014b96800):  JavaThread "C2 CompilerThread1" daemon [_thread_in_native, id=15524, stack(0x00000000162d0000,0x00000000163d0000)]

Stack: [0x00000000162d0000,0x00000000163d0000]
[error occurred during error reporting (printing stack bounds), id 0xc0000005]

Native frames: (J=compiled Java code, j=interpreted, Vv=VM code, C=native code)


Current CompileTask:
C2:   3076 1408       4       jdk.internal.org.objectweb.asm.ClassWriter::newUTF8 (70 bytes)


---------------  P R O C E S S  ---------------

Java Threads: ( => current thread )
  0x0000000017c25800 JavaThread "Keep-Alive-Timer" daemon [_thread_blocked, id=15732, stack(0x0000000018fe0000,0x00000000190e0000)]
  0x0000000017c0c000 JavaThread "Exec Stream Pumper" daemon [_thread_in_native, id=15644, stack(0x0000000018ee0000,0x0000000018fe0000)]
  0x0000000017c20800 JavaThread "Exec Stream Pumper" daemon [_thread_in_native, id=15640, stack(0x0000000018de0000,0x0000000018ee0000)]
  0x0000000017c1f800 JavaThread "UrlChecker-2" daemon [_thread_blocked, id=15636, stack(0x0000000018ce0000,0x0000000018de0000)]
  0x0000000017195000 JavaThread "Exec Default Executor" daemon [_thread_in_native, id=15624, stack(0x0000000018be0000,0x0000000018ce0000)]
  0x0000000016d07800 JavaThread "ReaderThread" [_thread_in_native, id=15556, stack(0x0000000017710000,0x0000000017810000)]
  0x00000000164f8800 JavaThread "Service Thread" daemon [_thread_blocked, id=15532, stack(0x00000000168d0000,0x00000000169d0000)]
  0x0000000014b9d800 JavaThread "C1 CompilerThread2" daemon [_thread_blocked, id=15528, stack(0x00000000163d0000,0x00000000164d0000)]
=>0x0000000014b96800 JavaThread "C2 CompilerThread1" daemon [_thread_in_native, id=15524, stack(0x00000000162d0000,0x00000000163d0000)]
  0x0000000014b93800 JavaThread "C2 CompilerThread0" daemon [_thread_in_native, id=15520, stack(0x00000000161d0000,0x00000000162d0000)]
  0x0000000014b91800 JavaThread "Attach Listener" daemon [_thread_blocked, id=15516, stack(0x00000000160d0000,0x00000000161d0000)]
  0x0000000014b90000 JavaThread "Signal Dispatcher" daemon [_thread_blocked, id=15512, stack(0x0000000015fd0000,0x00000000160d0000)]
  0x0000000014b7c800 JavaThread "Finalizer" daemon [_thread_blocked, id=15508, stack(0x0000000015de0000,0x0000000015ee0000)]
  0x00000000025a4000 JavaThread "Reference Handler" daemon [_thread_blocked, id=15504, stack(0x0000000015ce0000,0x0000000015de0000)]
  0x00000000024b4000 JavaThread "Forwarding newSession on session null to remote" [_thread_blocked, id=15480, stack(0x0000000002370000,0x0000000002470000)]

Other Threads:
  0x0000000014b59000 VMThread [stack: 0x0000000015be0000,0x0000000015ce0000] [id=15500]
  0x0000000016511000 WatcherThread [stack: 0x00000000169d0000,0x0000000016ad0000] [id=15536]

VM state:at safepoint (normal execution)

VM Mutex/Monitor currently owned by a thread:  ([mutex/lock_event])
[0x00000000024b1350] Threads_lock - owner thread: 0x0000000014b59000
[0x00000000024b0bd0] Heap_lock - owner thread: 0x00000000024b4000

heap address: 0x00000000c1a00000, size: 998 MB, Compressed Oops mode: 32-bit
Narrow klass base: 0x0000000000000000, Narrow klass shift: 3
Compressed class space size: 1073741824 Address: 0x0000000100000000

Heap:
 PSYoungGen      total 18944K, used 2528K [0x00000000eb380000, 0x00000000ec880000, 0x0000000100000000)
  eden space 16384K, 0% used [0x00000000eb380000,0x00000000eb380000,0x00000000ec380000)
  from space 2560K, 98% used [0x00000000ec600000,0x00000000ec878050,0x00000000ec880000)
  to   space 2560K, 0% used [0x00000000ec380000,0x00000000ec380000,0x00000000ec600000)
 ParOldGen       total 44032K, used 5912K [0x00000000c1a00000, 0x00000000c4500000, 0x00000000eb380000)
  object space 44032K, 13% used [0x00000000c1a00000,0x00000000c1fc6188,0x00000000c4500000)
 Metaspace       used 16139K, capacity 16752K, committed 16896K, reserved 1069056K
  class space    used 2058K, capacity 2244K, committed 2304K, reserved 1048576K

Card table byte_map: [0x0000000011970000,0x0000000011b70000] byte_map_base: 0x0000000011363000

Marking Bits: (ParMarkBitMap*) 0x0000000067844ce0
 Begin Bits: [0x00000000120c0000, 0x0000000013058000)
 End Bits:   [0x0000000013058000, 0x0000000013ff0000)

Polling page: 0x0000000000a80000

CodeCache: size=245760Kb used=5049Kb max_used=5049Kb free=240710Kb
 bounds [0x00000000025b0000, 0x0000000002aa0000, 0x00000000115b0000]
 total_blobs=1846 nmethods=1453 adapters=303
 compilation: disabled (not enough contiguous free space left)

Compilation events (10 events):
Event: 2.927 Thread 0x0000000014b9d800 1411       1       java.lang.invoke.InnerClassLambdaMetafactory::access$500 (5 bytes)
Event: 2.927 Thread 0x0000000014b9d800 nmethod 1411 0x0000000002a75210 code [0x0000000002a75360, 0x0000000002a75450]
Event: 2.927 Thread 0x0000000014b9d800 1412       1       java.lang.invoke.InnerClassLambdaMetafactory::access$600 (5 bytes)
Event: 2.927 Thread 0x0000000014b9d800 nmethod 1412 0x0000000002a74f50 code [0x0000000002a750a0, 0x0000000002a75190]
Event: 2.927 Thread 0x0000000014b9d800 1413       1       java.lang.invoke.InnerClassLambdaMetafactory::access$700 (5 bytes)
Event: 2.927 Thread 0x0000000014b9d800 nmethod 1413 0x0000000002a74c90 code [0x0000000002a74de0, 0x0000000002a74ed0]
Event: 2.927 Thread 0x0000000014b9d800 1415       3       sun.invoke.util.BytecodeDescriptor::unparseMethod (68 bytes)
Event: 2.929 Thread 0x0000000014b9d800 nmethod 1415 0x0000000002a774d0 code [0x0000000002a77780, 0x0000000002a78a78]
Event: 2.933 Thread 0x0000000014b9d800 1416       3       java.util.regex.Pattern$Node::match (27 bytes)
Event: 2.934 Thread 0x0000000014b9d800 nmethod 1416 0x0000000002a79610 code [0x0000000002a79780, 0x0000000002a79930]

GC Heap History (6 events):
Event: 1.153 GC heap before
{Heap before GC invocations=1 (full 0):
 PSYoungGen      total 18944K, used 16384K [0x00000000eb380000, 0x00000000ec880000, 0x0000000100000000)
  eden space 16384K, 100% used [0x00000000eb380000,0x00000000ec380000,0x00000000ec380000)
  from space 2560K, 0% used [0x00000000ec600000,0x00000000ec600000,0x00000000ec880000)
  to   space 2560K, 0% used [0x00000000ec380000,0x00000000ec380000,0x00000000ec600000)
 ParOldGen       total 44032K, used 0K [0x00000000c1a00000, 0x00000000c4500000, 0x00000000eb380000)
  object space 44032K, 0% used [0x00000000c1a00000,0x00000000c1a00000,0x00000000c4500000)
 Metaspace       used 6723K, capacity 6880K, committed 7040K, reserved 1056768K
  class space    used 805K, capacity 850K, committed 896K, reserved 1048576K
Event: 1.160 GC heap after
Heap after GC invocations=1 (full 0):
 PSYoungGen      total 18944K, used 2528K [0x00000000eb380000, 0x00000000ec880000, 0x0000000100000000)
  eden space 16384K, 0% used [0x00000000eb380000,0x00000000eb380000,0x00000000ec380000)
  from space 2560K, 98% used [0x00000000ec380000,0x00000000ec5f83e0,0x00000000ec600000)
  to   space 2560K, 0% used [0x00000000ec600000,0x00000000ec600000,0x00000000ec880000)
 ParOldGen       total 44032K, used 289K [0x00000000c1a00000, 0x00000000c4500000, 0x00000000eb380000)
  object space 44032K, 0% used [0x00000000c1a00000,0x00000000c1a487c8,0x00000000c4500000)
 Metaspace       used 6723K, capacity 6880K, committed 7040K, reserved 1056768K
  class space    used 805K, capacity 850K, committed 896K, reserved 1048576K
}
Event: 1.592 GC heap before
{Heap before GC invocations=2 (full 0):
 PSYoungGen      total 18944K, used 18912K [0x00000000eb380000, 0x00000000ec880000, 0x0000000100000000)
  eden space 16384K, 100% used [0x00000000eb380000,0x00000000ec380000,0x00000000ec380000)
  from space 2560K, 98% used [0x00000000ec380000,0x00000000ec5f83e0,0x00000000ec600000)
  to   space 2560K, 0% used [0x00000000ec600000,0x00000000ec600000,0x00000000ec880000)
 ParOldGen       total 44032K, used 289K [0x00000000c1a00000, 0x00000000c4500000, 0x00000000eb380000)
  object space 44032K, 0% used [0x00000000c1a00000,0x00000000c1a487c8,0x00000000c4500000)
 Metaspace       used 9961K, capacity 10080K, committed 10240K, reserved 1058816K
  class space    used 1217K, capacity 1234K, committed 1280K, reserved 1048576K
Event: 1.600 GC heap after
Heap after GC invocations=2 (full 0):
 PSYoungGen      total 18944K, used 2548K [0x00000000eb380000, 0x00000000ec880000, 0x0000000100000000)
  eden space 16384K, 0% used [0x00000000eb380000,0x00000000eb380000,0x00000000ec380000)
  from space 2560K, 99% used [0x00000000ec600000,0x00000000ec87d0b0,0x00000000ec880000)
  to   space 2560K, 0% used [0x00000000ec380000,0x00000000ec380000,0x00000000ec600000)
 ParOldGen       total 44032K, used 1826K [0x00000000c1a00000, 0x00000000c4500000, 0x00000000eb380000)
  object space 44032K, 4% used [0x00000000c1a00000,0x00000000c1bc8b50,0x00000000c4500000)
 Metaspace       used 9961K, capacity 10080K, committed 10240K, reserved 1058816K
  class space    used 1217K, capacity 1234K, committed 1280K, reserved 1048576K
}
Event: 2.711 GC heap before
{Heap before GC invocations=3 (full 0):
 PSYoungGen      total 18944K, used 18932K [0x00000000eb380000, 0x00000000ec880000, 0x0000000100000000)
  eden space 16384K, 100% used [0x00000000eb380000,0x00000000ec380000,0x00000000ec380000)
  from space 2560K, 99% used [0x00000000ec600000,0x00000000ec87d0b0,0x00000000ec880000)
  to   space 2560K, 0% used [0x00000000ec380000,0x00000000ec380000,0x00000000ec600000)
 ParOldGen       total 44032K, used 1826K [0x00000000c1a00000, 0x00000000c4500000, 0x00000000eb380000)
  object space 44032K, 4% used [0x00000000c1a00000,0x00000000c1bc8b50,0x00000000c4500000)
 Metaspace       used 13463K, capacity 13718K, committed 14080K, reserved 1060864K
  class space    used 1640K, capacity 1715K, committed 1792K, reserved 1048576K
Event: 2.719 GC heap after
Heap after GC invocations=3 (full 0):
 PSYoungGen      total 18944K, used 2544K [0x00000000eb380000, 0x00000000ec880000, 0x0000000100000000)
  eden space 16384K, 0% used [0x00000000eb380000,0x00000000eb380000,0x00000000ec380000)
  from space 2560K, 99% used [0x00000000ec380000,0x00000000ec5fc020,0x00000000ec600000)
  to   space 2560K, 0% used [0x00000000ec600000,0x00000000ec600000,0x00000000ec880000)
 ParOldGen       total 44032K, used 3795K [0x00000000c1a00000, 0x00000000c4500000, 0x00000000eb380000)
  object space 44032K, 8% used [0x00000000c1a00000,0x00000000c1db4cb0,0x00000000c4500000)
 Metaspace       used 13463K, capacity 13718K, committed 14080K, reserved 1060864K
  class space    used 1640K, capacity 1715K, committed 1792K, reserved 1048576K
}

Deoptimization events (10 events):
Event: 1.796 Thread 0x00000000024b4000 Uncommon trap: reason=unstable_if action=reinterpret pc=0x00000000028f6250 method=java.io.ByteArrayInputStream.read()I @ 8
Event: 2.062 Thread 0x00000000024b4000 Uncommon trap: reason=unstable_if action=reinterpret pc=0x00000000028c461c method=java.lang.CharacterDataLatin1.digit(II)I @ 82
Event: 2.157 Thread 0x00000000024b4000 Uncommon trap: reason=unstable_if action=reinterpret pc=0x000000000274c5d4 method=java.lang.String.replace(CC)Ljava/lang/String; @ 2
Event: 2.178 Thread 0x0000000017c1f800 Uncommon trap: reason=unstable_if action=reinterpret pc=0x00000000028c4254 method=java.lang.CharacterDataLatin1.digit(II)I @ 82
Event: 2.933 Thread 0x00000000024b4000 Uncommon trap: reason=class_check action=maybe_recompile pc=0x00000000029d3704 method=java.util.regex.Matcher.search(I)Z @ 86
Event: 2.933 Thread 0x00000000024b4000 Uncommon trap: reason=class_check action=maybe_recompile pc=0x000000000294688c method=java.util.regex.Pattern$Curly.match(Ljava/util/regex/Matcher;ILjava/lang/CharSequence;)Z @ 19
Event: 2.933 Thread 0x00000000024b4000 Uncommon trap: reason=class_check action=maybe_recompile pc=0x00000000029d3704 method=java.util.regex.Matcher.search(I)Z @ 86
Event: 2.933 Thread 0x00000000024b4000 Uncommon trap: reason=class_check action=maybe_recompile pc=0x00000000029d3704 method=java.util.regex.Matcher.search(I)Z @ 86
Event: 2.934 Thread 0x00000000024b4000 Uncommon trap: reason=class_check action=maybe_recompile pc=0x00000000029d3704 method=java.util.regex.Matcher.search(I)Z @ 86
Event: 2.934 Thread 0x00000000024b4000 Uncommon trap: reason=class_check action=maybe_recompile pc=0x000000000294688c method=java.util.regex.Pattern$Curly.match(Ljava/util/regex/Matcher;ILjava/lang/CharSequence;)Z @ 19

Classes redefined (0 events):
No events

Internal exceptions (10 events):
Event: 0.388 Thread 0x00000000024b4000 Exception <a 'java/security/PrivilegedActionException'> (0x00000000eb70a748) thrown at [C:\re\workspace\8-2-build-windows-amd64-cygwin\jdk8u201\12322\hotspot\src\share\vm\prims\jvm.cpp, line 1502]
Event: 0.388 Thread 0x00000000024b4000 Exception <a 'java/security/PrivilegedActionException'> (0x00000000eb70a958) thrown at [C:\re\workspace\8-2-build-windows-amd64-cygwin\jdk8u201\12322\hotspot\src\share\vm\prims\jvm.cpp, line 1502]
Event: 1.352 Thread 0x00000000024b4000 Exception <a 'java/lang/ArrayIndexOutOfBoundsException': 65> (0x00000000ebb16e00) thrown at [C:\re\workspace\8-2-build-windows-amd64-cygwin\jdk8u201\12322\hotspot\src\share\vm\interpreter\interpreterRuntime.cpp, line 368]
Event: 1.353 Thread 0x00000000024b4000 Exception <a 'java/lang/ArrayIndexOutOfBoundsException': 60> (0x00000000ebb1c848) thrown at [C:\re\workspace\8-2-build-windows-amd64-cygwin\jdk8u201\12322\hotspot\src\share\vm\interpreter\interpreterRuntime.cpp, line 368]
Event: 2.037 Thread 0x00000000024b4000 Exception <a 'java/lang/NoSuchFieldError': method resolution failed> (0x00000000ebd9f3b8) thrown at [C:\re\workspace\8-2-build-windows-amd64-cygwin\jdk8u201\12322\hotspot\src\share\vm\prims\methodHandles.cpp, line 1167]
Event: 2.039 Thread 0x00000000024b4000 Exception <a 'java/lang/NoSuchFieldError': method resolution failed> (0x00000000ebdace68) thrown at [C:\re\workspace\8-2-build-windows-amd64-cygwin\jdk8u201\12322\hotspot\src\share\vm\prims\methodHandles.cpp, line 1167]
Event: 2.679 Thread 0x0000000017c1f800 Exception <a 'java/net/SocketTimeoutException': connect timed out> (0x00000000ec307958) thrown at [C:\re\workspace\8-2-build-windows-amd64-cygwin\jdk8u201\12322\hotspot\src\share\vm\prims\jni.cpp, line 735]
Event: 2.747 Thread 0x00000000024b4000 Exception <a 'java/lang/IncompatibleClassChangeError': Found class java.lang.Object, but interface was expected> (0x00000000eb3e64a0) thrown at [C:\re\workspace\8-2-build-windows-amd64-cygwin\jdk8u201\12322\hotspot\src\share\vm\interpreter\linkResolver.cp
Event: 2.754 Thread 0x00000000024b4000 Exception <a 'java/lang/NoSuchMethodError': java.lang.Object.lambda$or$2(Ljava/util/function/Predicate;Ljava/lang/Object;)Z> (0x00000000eb3f52c8) thrown at [C:\re\workspace\8-2-build-windows-amd64-cygwin\jdk8u201\12322\hotspot\src\share\vm\interpreter\lin
Event: 2.849 Thread 0x00000000024b4000 Exception <a 'java/lang/NoSuchMethodError': java.lang.Object.lambda$chars$0()Ljava/util/Spliterator$OfInt;> (0x00000000eb7148b0) thrown at [C:\re\workspace\8-2-build-windows-amd64-cygwin\jdk8u201\12322\hotspot\src\share\vm\interpreter\linkResolver.cpp, li

Events (10 events):
Event: 2.933 Thread 0x00000000024b4000 DEOPT PACKING pc=0x00000000029d3704 sp=0x000000000246c9d0
Event: 2.933 Thread 0x00000000024b4000 DEOPT UNPACKING pc=0x00000000025f583b sp=0x000000000246c988 mode 2
Event: 2.934 Thread 0x00000000024b4000 Uncommon trap: trap_request=0xffffffde fr.pc=0x00000000029d3704
Event: 2.934 Thread 0x00000000024b4000 DEOPT PACKING pc=0x00000000029d3704 sp=0x000000000246c840
Event: 2.934 Thread 0x00000000024b4000 DEOPT UNPACKING pc=0x00000000025f583b sp=0x000000000246c7f8 mode 2
Event: 2.934 Thread 0x00000000024b4000 Uncommon trap: trap_request=0xffffffde fr.pc=0x000000000294688c
Event: 2.934 Thread 0x00000000024b4000 DEOPT PACKING pc=0x000000000294688c sp=0x000000000246c730
Event: 2.934 Thread 0x00000000024b4000 DEOPT UNPACKING pc=0x00000000025f583b sp=0x000000000246c6f8 mode 2
Event: 2.935 loading class com/google/common/collect/ImmutableMap$Builder
Event: 2.935 loading class com/google/common/collect/ImmutableMap$Builder done


Dynamic libraries:
0x00007ff7619f0000 - 0x00007ff761a27000 	C:\Program Files\Java\jre1.8.0_201\bin\javaw.exe
0x00007ffab3e90000 - 0x00007ffab4071000 	C:\WINDOWS\SYSTEM32\ntdll.dll
0x00007ffab2f70000 - 0x00007ffab3021000 	C:\WINDOWS\System32\KERNEL32.DLL
0x00007ffab03b0000 - 0x00007ffab0623000 	C:\WINDOWS\System32\KERNELBASE.dll
0x00007ffab13a0000 - 0x00007ffab1441000 	C:\WINDOWS\System32\ADVAPI32.dll
0x00007ffab32e0000 - 0x00007ffab337e000 	C:\WINDOWS\System32\msvcrt.dll
0x00007ffab1460000 - 0x00007ffab14bb000 	C:\WINDOWS\System32\sechost.dll
0x00007ffab36b0000 - 0x00007ffab37d4000 	C:\WINDOWS\System32\RPCRT4.dll
0x00007ffab3cd0000 - 0x00007ffab3e60000 	C:\WINDOWS\System32\USER32.dll
0x00007ffab0b90000 - 0x00007ffab0bb0000 	C:\WINDOWS\System32\win32u.dll
0x00007ffab16d0000 - 0x00007ffab16f8000 	C:\WINDOWS\System32\GDI32.dll
0x00007ffab0780000 - 0x00007ffab0911000 	C:\WINDOWS\System32\gdi32full.dll
0x00007ffab0630000 - 0x00007ffab06cf000 	C:\WINDOWS\System32\msvcp_win.dll
0x00007ffab02b0000 - 0x00007ffab03a8000 	C:\WINDOWS\System32\ucrtbase.dll
0x00007ffaa4bf0000 - 0x00007ffaa4e59000 	C:\WINDOWS\WinSxS\amd64_microsoft.windows.common-controls_6595b64144ccf1df_6.0.17134.1067_none_d401a3eb7c8ebdea\COMCTL32.dll
0x00007ffab3380000 - 0x00007ffab36a1000 	C:\WINDOWS\System32\combase.dll
0x00007ffab0920000 - 0x00007ffab0999000 	C:\WINDOWS\System32\bcryptPrimitives.dll
0x00007ffab2b50000 - 0x00007ffab2b7d000 	C:\WINDOWS\System32\IMM32.DLL
0x0000000065bb0000 - 0x0000000065c81000 	C:\Program Files\Java\jre1.8.0_201\bin\msvcr100.dll
0x0000000067020000 - 0x00000000678c4000 	C:\Program Files\Java\jre1.8.0_201\bin\server\jvm.dll
0x00007ffab1450000 - 0x00007ffab1458000 	C:\WINDOWS\System32\PSAPI.DLL
0x00007ffaac160000 - 0x00007ffaac183000 	C:\WINDOWS\SYSTEM32\WINMM.dll
0x00007ffaa6530000 - 0x00007ffaa653a000 	C:\WINDOWS\SYSTEM32\VERSION.dll
0x00007ffaac130000 - 0x00007ffaac15a000 	C:\WINDOWS\SYSTEM32\winmmbase.dll
0x00007ffaa00d0000 - 0x00007ffaa00d9000 	C:\WINDOWS\SYSTEM32\WSOCK32.dll
0x00007ffab12c0000 - 0x00007ffab1309000 	C:\WINDOWS\System32\cfgmgr32.dll
0x00007ffab2d80000 - 0x00007ffab2dec000 	C:\WINDOWS\System32\WS2_32.dll
0x00007ffa9b780000 - 0x00007ffa9b78f000 	C:\Program Files\Java\jre1.8.0_201\bin\verify.dll
0x00007ffa7d170000 - 0x00007ffa7d199000 	C:\Program Files\Java\jre1.8.0_201\bin\java.dll
0x00007ffa7d150000 - 0x00007ffa7d166000 	C:\Program Files\Java\jre1.8.0_201\bin\zip.dll
0x00007ffab1700000 - 0x00007ffab2b44000 	C:\WINDOWS\System32\SHELL32.dll
0x00007ffab14c0000 - 0x00007ffab1569000 	C:\WINDOWS\System32\shcore.dll
0x00007ffab0bb0000 - 0x00007ffab12c0000 	C:\WINDOWS\System32\windows.storage.dll
0x00007ffab2b80000 - 0x00007ffab2bd1000 	C:\WINDOWS\System32\shlwapi.dll
0x00007ffab01c0000 - 0x00007ffab01d1000 	C:\WINDOWS\System32\kernel.appcore.dll
0x00007ffab01e0000 - 0x00007ffab01ff000 	C:\WINDOWS\System32\profapi.dll
0x00007ffab0200000 - 0x00007ffab024c000 	C:\WINDOWS\System32\powrprof.dll
0x00007ffab0190000 - 0x00007ffab019a000 	C:\WINDOWS\System32\FLTLIB.DLL
0x00007ffa7d040000 - 0x00007ffa7d05a000 	C:\Program Files\Java\jre1.8.0_201\bin\net.dll
0x00007ffaa1eb0000 - 0x00007ffaa207a000 	C:\WINDOWS\SYSTEM32\urlmon.dll
0x00007ffaa2230000 - 0x00007ffaa24d7000 	C:\WINDOWS\SYSTEM32\iertutil.dll
0x00007ffaafbe0000 - 0x00007ffaafbeb000 	C:\WINDOWS\SYSTEM32\CRYPTBASE.DLL
0x00007ffaafa10000 - 0x00007ffaafa76000 	C:\WINDOWS\system32\mswsock.dll
0x00007ffaaf7a0000 - 0x00007ffaaf85e000 	C:\WINDOWS\SYSTEM32\DNSAPI.dll
0x00007ffab32d0000 - 0x00007ffab32d8000 	C:\WINDOWS\System32\NSI.dll
0x00007ffaaf760000 - 0x00007ffaaf798000 	C:\WINDOWS\SYSTEM32\IPHLPAPI.DLL
0x00007ffaa47d0000 - 0x00007ffaa47da000 	C:\Windows\System32\rasadhlp.dll
0x00007ffaa47e0000 - 0x00007ffaa4852000 	C:\WINDOWS\System32\fwpuclnt.dll
0x00007ffaafcf0000 - 0x00007ffaafd15000 	C:\WINDOWS\SYSTEM32\bcrypt.dll
0x00007ffaafbc0000 - 0x00007ffaafbd7000 	C:\WINDOWS\SYSTEM32\CRYPTSP.dll
0x00007ffaaf5c0000 - 0x00007ffaaf5f3000 	C:\WINDOWS\system32\rsaenh.dll
0x00007ffab0090000 - 0x00007ffab00b8000 	C:\WINDOWS\SYSTEM32\USERENV.dll
0x00007ffaa6870000 - 0x00007ffaa6886000 	C:\WINDOWS\SYSTEM32\dhcpcsvc6.DLL
0x00007ffaa68b0000 - 0x00007ffaa68ca000 	C:\WINDOWS\SYSTEM32\dhcpcsvc.DLL
0x00007ffa7d020000 - 0x00007ffa7d031000 	C:\Program Files\Java\jre1.8.0_201\bin\nio.dll
0x00007ffa95c90000 - 0x00007ffa95cb4000 	C:\Program Files\Java\jre1.8.0_201\bin\sunec.dll
0x00007ffaac1e0000 - 0x00007ffaac1eb000 	C:\Program Files\Java\jre1.8.0_201\bin\sunmscapi.dll
0x00007ffab09a0000 - 0x00007ffab0b82000 	C:\WINDOWS\System32\CRYPT32.dll
0x00007ffab01a0000 - 0x00007ffab01b2000 	C:\WINDOWS\System32\MSASN1.dll

VM Arguments:
jvm_args: -ea -Dfile.encoding=Cp1252 
java_command: org.testng.remote.RemoteTestNG -serport 65449 -protocol json -d D:\SeleniumProjects\FlipKart\test-output C:\Users\SUNKAR~1\AppData\Local\Temp\testng-eclipse-378348829\testng-customsuite.xml
java_class_path (initial): C:\Users\SunkaraRam\eclipse\jee-2018-12\eclipse\configuration\org.eclipse.osgi\956\0\.cp\lib\testng-remote.jar;D:\SeleniumProjects\FlipKart\target\test-classes;D:\SeleniumProjects\FlipKart\target\classes;C:\Users\SunkaraRam\.m2\repository\org\seleniumhq\selenium\selenium-server\3.14.0\selenium-server-3.14.0.jar;C:\Users\SunkaraRam\.m2\repository\org\seleniumhq\selenium\selenium-java\3.14.0\selenium-java-3.14.0.jar;C:\Users\SunkaraRam\.m2\repository\org\seleniumhq\selenium\selenium-api\3.14.0\selenium-api-3.14.0.jar;C:\Users\SunkaraRam\.m2\repository\org\seleniumhq\selenium\selenium-chrome-driver\3.14.0\selenium-chrome-driver-3.14.0.jar;C:\Users\SunkaraRam\.m2\repository\org\seleniumhq\selenium\selenium-edge-driver\3.14.0\selenium-edge-driver-3.14.0.jar;C:\Users\SunkaraRam\.m2\repository\org\seleniumhq\selenium\selenium-firefox-driver\3.14.0\selenium-firefox-driver-3.14.0.jar;C:\Users\SunkaraRam\.m2\repository\org\seleniumhq\selenium\selenium-ie-driver\3.14.0\selenium-ie-driver-3.14.0.jar;C:\Users\SunkaraRam\.m2\repository\org\seleniumhq\selenium\selenium-opera-driver\3.14.0\selenium-opera-driver-3.14.0.jar;C:\Users\SunkaraRam\.m2\repository\org\seleniumhq\selenium\selenium-remote-driver\3.14.0\selenium-remote-driver-3.14.0.jar;C:\Users\SunkaraRam\.m2\repository\org\seleniumhq\selenium\selenium-safari-driver\3.14.0\selenium-safari-driver-3.14.0.jar;C:\Users\SunkaraRam\.m2\repository\org\seleniumhq\selenium\selenium-support\3.14.0\selenium-support-3.14.0.jar;C:\Users\SunkaraRam\.m2\repository\com\beust\jcommander\1.72\jcommander-1.72.jar;C:\Users\SunkaraRam\.m2\repository\net\bytebuddy\byte-buddy\1.8.15\byte-buddy-1.8.15.jar;C:\Users\SunkaraRam\.m2\repository\org\apache\commons\commons-exec\1.3\commons-exec-1.3.jar;C:\Users\SunkaraRam\.m2\repository\org\apache\commons\commons-lang3\3.7\commons-lang3-3.7.jar;C:\Users\SunkaraRam\.m2\repository\org\apache\commons\commons-text\1.1\commons-text-1.1.jar;C:\Users\SunkaraRam\.m2\repository\commons
Launcher Type: SUN_STANDARD

Environment Variables:
JAVA_HOME=C:\Program Files\Java\jdk1.8.0_201
PATH=C:/Program Files/Java/jre1.8.0_201/bin/server;C:/Program Files/Java/jre1.8.0_201/bin;C:/Program Files/Java/jre1.8.0_201/lib/amd64;"C:\Program Files (x86)\Common Files\Oracle\Java\javapath;D:\Maven\apache-maven-3.6.0\bin;";C:\oraclexe\app\oracle\product\10.2.0\server\bin;C:\Users\SunkaraRam\AppData\Local\Programs\Python\Python36\Scripts\;C:\Users\SunkaraRam\AppData\Local\Programs\Python\Python36\;"C:\oraclexe\app\oracle\product\10.2.0\server\bin\;C:\Users\SunkaraRam\AppData\Local\Programs\Python\Python36";C:\WINDOWS\system32;C:\WINDOWS;C:\WINDOWS\System32\Wbem;C:\WINDOWS\System32\WindowsPowerShell\v1.0\;C:\Program Files\Java\jdk/bin;c:\Program Files (x86)\Microsoft SQL Server\100\Tools\Binn\;c:\Program Files\Microsoft SQL Server\100\Tools\Binn\;c:\Program Files\Microsoft SQL Server\100\DTS\Binn\;C:\WINDOWS\System32\OpenSSH\;C:\Program Files\Git\cmd;C:\Program Files\Git\mingw64\bin;C:\Program Files\Git\usr\bin;C:\Users\SunkaraRam\AppData\Local\Programs\Python\Python36\Scripts\;C:\Users\SunkaraRam\AppData\Local\Programs\Python\Python36\;"C:\Users\SunkaraRam\AppData\Local\Programs\Python\Python36;C:\Users\SunkaraRam\AppData\Local\Programs\Python\Python36\Scripts";C:\Users\SunkaraRam\AppData\Local\Microsoft\WindowsApps;;C:\WINDOWS\system32;
USERNAME=SunkaraRam
OS=Windows_NT
PROCESSOR_IDENTIFIER=Intel64 Family 6 Model 78 Stepping 3, GenuineIntel



---------------  S Y S T E M  ---------------

OS: Windows 10.0 , 64 bit Build 17134 (10.0.17134.753)

CPU:total 4 (initial active 4) (2 cores per cpu, 2 threads per core) family 6 model 78 stepping 3, cmov, cx8, fxsr, mmx, sse, sse2, sse3, ssse3, sse4.1, sse4.2, popcnt, avx, avx2, aes, clmul, erms, 3dnowpref, lzcnt, ht, tsc, tscinvbit, bmi1, bmi2, adx

Memory: 4k page, physical 4082692k(445936k free), swap 9063428k(14380k free)

vm_info: Java HotSpot(TM) 64-Bit Server VM (25.201-b09) for windows-amd64 JRE (1.8.0_201-b09), built on Dec 15 2018 18:36:39 by "java_re" with MS VC++ 10.0 (VS2010)

time: Sat Oct 26 19:12:02 2019
timezone: India Standard Time
elapsed time: 3 seconds (0d 0h 0m 3s)

